<?xml version="1.0" encoding="UTF-8"?>
<testng-results ignored="0" total="1" passed="1" failed="0" skipped="0">
  <reporter-output>
  </reporter-output>
  <suite started-at="2022-09-08T00:23:57 IST" name="Default suite" finished-at="2022-09-08T00:24:17 IST" duration-ms="20266">
    <groups>
    </groups>
    <test started-at="2022-09-08T00:23:57 IST" name="Default test" finished-at="2022-09-08T00:24:17 IST" duration-ms="20266">
      <class name="Practicedrivermethods.Notifactionhandle">
        <test-method signature="notifactionhandle()[pri:0, instance:Practicedrivermethods.Notifactionhandle@5afa3c9]" started-at="2022-09-08T00:23:57 IST" name="notifactionhandle" finished-at="2022-09-08T00:24:17 IST" duration-ms="20214" status="PASS">
          <reporter-output>
          </reporter-output>
        </test-method> <!-- notifactionhandle -->
      </class> <!-- Practicedrivermethods.Notifactionhandle -->
    </test> <!-- Default test -->
  </suite> <!-- Default suite -->
</testng-results>
